2026-02-21 13:53:06 | INFO | 🕵️ 시장 개장 감시 시작...
2026-02-21 13:53:07 | INFO | ✅ [동기화완료] 현재 보유 종목: 0개
2026-02-21 13:53:07 | INFO | 🕵️ 시장 개장 감시 시작 (삼성전자 거래량 감시)...
2026-02-21 21:43:04 | INFO | 텔레그램 리스너 에러: ('Connection aborted.', RemoteDisconnected('Remote end closed connection without response'))
🔄 [MOCK] 새로운 토큰 발급 요청 중...
✅ [MOCK] 토큰 발급 완료 (만료: 2026-02-23 08:49:03)
2026-02-22 08:50:02 | INFO | 🕵️ 시장 개장 감시 시작 (삼성전자 거래량 감시)...
🔄 [MOCK] 새로운 토큰 발급 요청 중...
✅ [MOCK] 토큰 발급 완료 (만료: 2026-02-24 08:48:03)
2026-02-23 08:50:02 | INFO | 🕵️ 시장 개장 감시 시작 (삼성전자 거래량 감시)...
🔄 [REAL] 새로운 토큰 발급 요청 중...
✅ [REAL] 토큰 발급 완료 (만료: 2026-02-24 08:50:02)
2026-02-23 08:50:02 | INFO |    [08:50] 장전 거래량 포착(292). 09:00 정상 개장 대기.
2026-02-23 08:50:13 | INFO |    [08:50] 장전 거래량 포착(292). 09:00 정상 개장 대기.
2026-02-23 08:50:23 | INFO |    [08:50] 장전 거래량 포착(292). 09:00 정상 개장 대기.
2026-02-23 08:50:34 | INFO |    [08:50] 장전 거래량 포착(292). 09:00 정상 개장 대기.
2026-02-23 08:50:44 | INFO |    [08:50] 장전 거래량 포착(292). 09:00 정상 개장 대기.
2026-02-23 08:50:55 | INFO |    [08:50] 장전 거래량 포착(292). 09:00 정상 개장 대기.
2026-02-23 08:51:05 | INFO |    [08:51] 장전 거래량 포착(292). 09:00 정상 개장 대기.
2026-02-23 08:51:16 | INFO |    [08:51] 장전 거래량 포착(292). 09:00 정상 개장 대기.
2026-02-23 08:51:26 | INFO |    [08:51] 장전 거래량 포착(292). 09:00 정상 개장 대기.
2026-02-23 08:51:37 | INFO |    [08:51] 장전 거래량 포착(292). 09:00 정상 개장 대기.
2026-02-23 08:51:47 | INFO |    [08:51] 장전 거래량 포착(292). 09:00 정상 개장 대기.
2026-02-23 08:51:57 | INFO |    [08:51] 장전 거래량 포착(292). 09:00 정상 개장 대기.
2026-02-23 08:52:08 | INFO |    [08:52] 장전 거래량 포착(292). 09:00 정상 개장 대기.
2026-02-23 08:52:18 | INFO |    [08:52] 장전 거래량 포착(292). 09:00 정상 개장 대기.
2026-02-23 08:52:29 | INFO |    [08:52] 장전 거래량 포착(292). 09:00 정상 개장 대기.
2026-02-23 08:52:39 | INFO |    [08:52] 장전 거래량 포착(292). 09:00 정상 개장 대기.
2026-02-23 08:52:50 | INFO |    [08:52] 장전 거래량 포착(292). 09:00 정상 개장 대기.
2026-02-23 08:53:00 | INFO |    [08:53] 장전 거래량 포착(292). 09:00 정상 개장 대기.
2026-02-23 08:53:11 | INFO |    [08:53] 장전 거래량 포착(292). 09:00 정상 개장 대기.
2026-02-23 08:53:21 | INFO |    [08:53] 장전 거래량 포착(292). 09:00 정상 개장 대기.
2026-02-23 08:53:31 | INFO |    [08:53] 장전 거래량 포착(292). 09:00 정상 개장 대기.
2026-02-23 08:53:42 | INFO |    [08:53] 장전 거래량 포착(292). 09:00 정상 개장 대기.
2026-02-23 08:53:52 | INFO |    [08:53] 장전 거래량 포착(292). 09:00 정상 개장 대기.
2026-02-23 08:54:03 | INFO |    [08:54] 장전 거래량 포착(292). 09:00 정상 개장 대기.
2026-02-23 08:54:13 | INFO |    [08:54] 장전 거래량 포착(292). 09:00 정상 개장 대기.
2026-02-23 08:54:24 | INFO |    [08:54] 장전 거래량 포착(292). 09:00 정상 개장 대기.
2026-02-23 08:54:34 | INFO |    [08:54] 장전 거래량 포착(292). 09:00 정상 개장 대기.
2026-02-23 08:54:45 | INFO |    [08:54] 장전 거래량 포착(292). 09:00 정상 개장 대기.
2026-02-23 08:54:55 | INFO |    [08:54] 장전 거래량 포착(292). 09:00 정상 개장 대기.
2026-02-23 08:55:05 | INFO |    [08:55] 장전 거래량 포착(292). 09:00 정상 개장 대기.
2026-02-23 08:55:16 | INFO |    [08:55] 장전 거래량 포착(292). 09:00 정상 개장 대기.
2026-02-23 08:55:26 | INFO |    [08:55] 장전 거래량 포착(292). 09:00 정상 개장 대기.
2026-02-23 08:55:37 | INFO |    [08:55] 장전 거래량 포착(292). 09:00 정상 개장 대기.
2026-02-23 08:55:47 | INFO |    [08:55] 장전 거래량 포착(292). 09:00 정상 개장 대기.
2026-02-23 08:55:58 | INFO |    [08:55] 장전 거래량 포착(292). 09:00 정상 개장 대기.
2026-02-23 08:56:08 | INFO |    [08:56] 장전 거래량 포착(292). 09:00 정상 개장 대기.
2026-02-23 08:56:19 | INFO |    [08:56] 장전 거래량 포착(292). 09:00 정상 개장 대기.
2026-02-23 08:56:29 | INFO |    [08:56] 장전 거래량 포착(292). 09:00 정상 개장 대기.
2026-02-23 08:56:40 | INFO |    [08:56] 장전 거래량 포착(292). 09:00 정상 개장 대기.
2026-02-23 08:56:50 | INFO |    [08:56] 장전 거래량 포착(292). 09:00 정상 개장 대기.
2026-02-23 08:57:00 | INFO |    [08:57] 장전 거래량 포착(292). 09:00 정상 개장 대기.
2026-02-23 08:57:11 | INFO |    [08:57] 장전 거래량 포착(292). 09:00 정상 개장 대기.
2026-02-23 08:57:21 | INFO |    [08:57] 장전 거래량 포착(292). 09:00 정상 개장 대기.
2026-02-23 08:57:32 | INFO |    [08:57] 장전 거래량 포착(292). 09:00 정상 개장 대기.
2026-02-23 08:57:42 | INFO |    [08:57] 장전 거래량 포착(292). 09:00 정상 개장 대기.
2026-02-23 08:57:53 | INFO |    [08:57] 장전 거래량 포착(292). 09:00 정상 개장 대기.
2026-02-23 08:58:03 | INFO |    [08:58] 장전 거래량 포착(292). 09:00 정상 개장 대기.
2026-02-23 08:58:14 | INFO |    [08:58] 장전 거래량 포착(292). 09:00 정상 개장 대기.
2026-02-23 08:58:24 | INFO |    [08:58] 장전 거래량 포착(292). 09:00 정상 개장 대기.
2026-02-23 08:58:35 | INFO |    [08:58] 장전 거래량 포착(292). 09:00 정상 개장 대기.
2026-02-23 08:58:45 | INFO |    [08:58] 장전 거래량 포착(292). 09:00 정상 개장 대기.
2026-02-23 08:58:55 | INFO |    [08:58] 장전 거래량 포착(292). 09:00 정상 개장 대기.
2026-02-23 08:59:06 | INFO |    [08:59] 장전 거래량 포착(292). 09:00 정상 개장 대기.
2026-02-23 08:59:17 | INFO |    [08:59] 장전 거래량 포착(292). 09:00 정상 개장 대기.
2026-02-23 08:59:27 | INFO |    [08:59] 장전 거래량 포착(292). 09:00 정상 개장 대기.
2026-02-23 08:59:38 | INFO |    [08:59] 장전 거래량 포착(292). 09:00 정상 개장 대기.
2026-02-23 08:59:48 | INFO |    [08:59] 장전 거래량 포착(292). 09:00 정상 개장 대기.
2026-02-23 08:59:59 | INFO |    [08:59] 장전 거래량 포착(292). 09:00 정상 개장 대기.
2026-02-23 09:00:10 | INFO | 📥 [MOCK] 테마 데이터 로딩 중...
2026-02-23 09:00:11 | INFO | Found credentials from IAM Role: StockBot_EC2_Role
2026-02-23 09:00:13 | INFO | ✅ 조건검색식 'pg100' 매핑 완료 (Seq: 2)
2026-02-23 09:00:14 | INFO | ✅ 조건검색식 'top100' 매핑 완료 (Seq: 0)
2026-02-23 09:00:14 | INFO | ✅ 조건검색식 'hot100' 매핑 완료 (Seq: 1)
2026-02-23 09:00:15 | INFO | 💓 [생존신고] 08:50 | Slots:0/6 | PG:100 Theme:100 Gap:15
2026-02-23 09:01:19 | INFO | 💓 [생존신고] 09:01 | Slots:0/6 | PG:1 Theme:100 Gap:43
2026-02-23 09:01:21 | INFO | 🛒 [주문시도] 현대차 (PROGRAM/신규매수)
2026-02-23 09:01:44 | INFO | 🛒 [주문시도] 대한조선 (MORNING/신규매수)
2026-02-23 09:02:05 | INFO | 🛒 [주문시도] 코스모신소재 (MORNING/신규매수)
2026-02-23 09:02:05 | INFO | ❌ [API오류] 주문 전송 실패: {'rt_cd': '1', 'msg_cd': 'EGW00201', 'msg1': '초당 거래건수를 초과하였습니다.'}
2026-02-23 09:02:24 | INFO | 💓 [생존신고] 09:02 | Slots:3/6 | PG:1 Theme:100 Gap:35
2026-02-23 09:02:27 | INFO | 🛒 [주문시도] 에코프로 (MORNING/신규매수)
2026-02-23 09:03:18 | INFO | 👋 [MOCK 매도] 에코프로
사유: 📉손절선 이탈(-1.04%)
매도가: 181,600원 (-0.87%)
📊 PG수급: 3,784주 (6억)
수량: 8주
2026-02-23 09:03:27 | INFO | 💓 [생존신고] 09:03 | Slots:3/6 | PG:100 Theme:100 Gap:28
2026-02-23 09:03:56 | INFO | 👋 [MOCK 매도] 대한조선
사유: 📉손절선 이탈(-1.08%)
매도가: 91,200원 (-1.08%)
📊 PG수급: 10,680주 (9억)
수량: 16주
2026-02-23 09:04:34 | INFO | 🛒 [주문시도] 대원전선 (MORNING/신규매수)
2026-02-23 09:04:49 | INFO | 💓 [생존신고] 09:04 | Slots:3/6 | PG:100 Theme:100 Gap:27
2026-02-23 09:05:46 | INFO | 🛒 [주문시도] 미래에셋벤처투자 (THEME/신규매수)
2026-02-23 09:05:50 | INFO | 💓 [생존신고] 09:05 | Slots:3/6 | PG:1 Theme:100 Gap:32
2026-02-23 09:06:44 | INFO | 🛒 [주문시도] 산일전기 (PROGRAM/신규매수)
2026-02-23 09:06:59 | INFO | 💓 [생존신고] 09:06 | Slots:4/6 | PG:4 Theme:100 Gap:34
2026-02-23 09:07:02 | INFO | 🛒 [주문시도] LG이노텍 (PROGRAM/신규매수)
2026-02-23 09:08:09 | INFO | 💓 [생존신고] 09:08 | Slots:5/6 | PG:3 Theme:100 Gap:32
2026-02-23 09:08:14 | INFO | 👋 [MOCK 매도] 미래에셋벤처투자
사유: 🚨대장주(미래에셋생명) 상풀림/이탈
매도가: 24,850원 (-0.20%)
📊 PG수급: 101,687주 (25억)
수량: 59주
2026-02-23 09:09:18 | INFO | 💓 [생존신고] 09:09 | Slots:4/6 | PG:4 Theme:100 Gap:31
2026-02-23 09:09:54 | INFO | 🛒 [주문시도] 삼양식품 (PROGRAM/신규매수)
2026-02-23 09:10:05 | INFO | 👋 [MOCK 매도] 현대차
사유: 📉수급이탈(350억 < Max 511억)
매도가: 532,000원 (-0.37%)
📊 PG수급: 65,804주 (350억)
수량: 2주
2026-02-23 09:10:20 | INFO | 💓 [생존신고] 09:10 | Slots:3/6 | PG:3 Theme:100 Gap:31
2026-02-23 09:11:35 | INFO | 💓 [생존신고] 09:11 | Slots:3/6 | PG:4 Theme:100 Gap:30
2026-02-23 09:12:50 | INFO | 💓 [생존신고] 09:12 | Slots:3/6 | PG:1 Theme:100 Gap:29
2026-02-23 09:13:54 | INFO | 💓 [생존신고] 09:13 | Slots:3/6 | PG:4 Theme:100 Gap:28
2026-02-23 09:15:11 | INFO | 💓 [생존신고] 09:15 | Slots:3/6 | PG:3 Theme:100 Gap:29
2026-02-23 09:16:15 | INFO | 💓 [생존신고] 09:16 | Slots:3/6 | PG:3 Theme:100 Gap:30
2026-02-23 09:17:18 | INFO | 💓 [생존신고] 09:17 | Slots:3/6 | PG:3 Theme:100 Gap:31
2026-02-23 09:18:21 | INFO | 💓 [생존신고] 09:18 | Slots:3/6 | PG:3 Theme:100 Gap:34
2026-02-23 09:19:29 | INFO | 💓 [생존신고] 09:19 | Slots:3/6 | PG:3 Theme:100 Gap:32
2026-02-23 09:20:31 | INFO | 💓 [생존신고] 09:20 | Slots:3/6 | PG:3 Theme:100 Gap:31
2026-02-23 09:21:34 | INFO | 💓 [생존신고] 09:21 | Slots:3/6 | PG:4 Theme:100 Gap:32
2026-02-23 09:22:36 | INFO | 💓 [생존신고] 09:22 | Slots:3/6 | PG:4 Theme:100 Gap:33
2026-02-23 09:22:45 | INFO | 👋 [MOCK 매도] 산일전기
사유: 🎢트레일링 스탑
기준: 158,600원
최고: 6.2% / 현재: 5.0%
⚠️호가불안 (Gap: 1%)
매도가: 166,200원 (+4.79%)
📊 PG수급: 127,081주 (211억)
수량: 5주
2026-02-23 09:23:39 | INFO | 💓 [생존신고] 09:23 | Slots:2/6 | PG:4 Theme:100 Gap:31
2026-02-23 09:24:51 | INFO | 💓 [생존신고] 09:24 | Slots:2/6 | PG:2 Theme:100 Gap:32
2026-02-23 09:26:00 | INFO | 💓 [생존신고] 09:25 | Slots:2/6 | PG:4 Theme:100 Gap:30
2026-02-23 09:27:02 | INFO | 💓 [생존신고] 09:27 | Slots:2/6 | PG:4 Theme:100 Gap:32
2026-02-23 09:28:17 | INFO | 💓 [생존신고] 09:28 | Slots:2/6 | PG:3 Theme:100 Gap:32
2026-02-23 09:29:28 | INFO | 💓 [생존신고] 09:29 | Slots:2/6 | PG:4 Theme:100 Gap:32
2026-02-23 09:30:41 | INFO | 💓 [생존신고] 09:30 | Slots:2/6 | PG:6 Theme:100 Gap:31
2026-02-23 09:31:53 | INFO | 💓 [생존신고] 09:31 | Slots:2/6 | PG:5 Theme:100 Gap:29
2026-02-23 09:32:53 | INFO | 💓 [생존신고] 09:32 | Slots:2/6 | PG:6 Theme:100 Gap:30
2026-02-23 09:33:32 | INFO | 👋 [MOCK 매도] 삼양식품
사유: 💰소액/잔량(1주) 2% 목표달성 전량익절
매도가: 1,274,000원 (+2.00%)
📊 PG수급: 21,549주 (274억)
수량: 1주
2026-02-23 09:34:03 | INFO | 💓 [생존신고] 09:34 | Slots:1/6 | PG:6 Theme:100 Gap:27
2026-02-23 09:35:14 | INFO | 💓 [생존신고] 09:35 | Slots:1/6 | PG:6 Theme:100 Gap:29
2026-02-23 09:36:27 | INFO | 💓 [생존신고] 09:36 | Slots:1/6 | PG:6 Theme:100 Gap:26
2026-02-23 09:37:41 | INFO | 💓 [생존신고] 09:37 | Slots:1/6 | PG:6 Theme:100 Gap:28
2026-02-23 09:38:50 | INFO | 💓 [생존신고] 09:38 | Slots:1/6 | PG:6 Theme:100 Gap:28
2026-02-23 09:40:00 | INFO | 💓 [생존신고] 09:39 | Slots:1/6 | PG:6 Theme:100 Gap:27
2026-02-23 09:41:21 | INFO | 💓 [생존신고] 09:41 | Slots:1/6 | PG:6 Theme:100 Gap:30
2026-02-23 09:42:34 | INFO | 💓 [생존신고] 09:42 | Slots:1/6 | PG:6 Theme:100 Gap:29
2026-02-23 09:43:43 | INFO | 💓 [생존신고] 09:43 | Slots:1/6 | PG:5 Theme:100 Gap:29
2026-02-23 09:44:51 | INFO | 💓 [생존신고] 09:44 | Slots:1/6 | PG:5 Theme:100 Gap:28
2026-02-23 09:46:09 | INFO | 💓 [생존신고] 09:46 | Slots:1/6 | PG:5 Theme:100 Gap:29
2026-02-23 09:47:22 | INFO | 💓 [생존신고] 09:47 | Slots:1/6 | PG:5 Theme:100 Gap:28
2026-02-23 09:48:34 | INFO | 💓 [생존신고] 09:48 | Slots:1/6 | PG:5 Theme:100 Gap:28
2026-02-23 09:49:45 | INFO | 💓 [생존신고] 09:49 | Slots:1/6 | PG:5 Theme:100 Gap:28
2026-02-23 09:50:59 | INFO | 💓 [생존신고] 09:50 | Slots:1/6 | PG:5 Theme:100 Gap:27
2026-02-23 09:52:16 | INFO | 💓 [생존신고] 09:52 | Slots:1/6 | PG:5 Theme:100 Gap:26
2026-02-23 09:53:27 | INFO | 💓 [생존신고] 09:53 | Slots:1/6 | PG:5 Theme:100 Gap:26
2026-02-23 09:54:38 | INFO | 💓 [생존신고] 09:54 | Slots:1/6 | PG:5 Theme:100 Gap:25
2026-02-23 09:55:47 | INFO | 💓 [생존신고] 09:55 | Slots:1/6 | PG:4 Theme:100 Gap:26
2026-02-23 09:56:53 | INFO | 💓 [생존신고] 09:56 | Slots:1/6 | PG:5 Theme:100 Gap:28
2026-02-23 09:58:00 | INFO | 💓 [생존신고] 09:57 | Slots:1/6 | PG:5 Theme:100 Gap:28
2026-02-23 09:59:15 | INFO | 💓 [생존신고] 09:59 | Slots:1/6 | PG:5 Theme:100 Gap:28
2026-02-23 10:00:21 | INFO | 💓 [생존신고] 10:00 | Slots:1/6 | PG:5 Theme:100 Gap:26
2026-02-23 10:01:38 | INFO | 💓 [생존신고] 10:01 | Slots:1/6 | PG:5 Theme:100 Gap:26
2026-02-23 10:02:50 | INFO | 💓 [생존신고] 10:02 | Slots:1/6 | PG:5 Theme:100 Gap:28
2026-02-23 10:03:56 | INFO | 💓 [생존신고] 10:03 | Slots:1/6 | PG:5 Theme:100 Gap:25
2026-02-23 10:05:04 | INFO | 💓 [생존신고] 10:05 | Slots:1/6 | PG:6 Theme:100 Gap:26
2026-02-23 10:06:12 | INFO | 💓 [생존신고] 10:06 | Slots:1/6 | PG:5 Theme:100 Gap:27
2026-02-23 10:07:20 | INFO | 💓 [생존신고] 10:07 | Slots:1/6 | PG:6 Theme:100 Gap:29
2026-02-23 10:08:27 | INFO | 💓 [생존신고] 10:08 | Slots:1/6 | PG:6 Theme:100 Gap:29
2026-02-23 10:09:30 | INFO | 💓 [생존신고] 10:09 | Slots:1/6 | PG:6 Theme:100 Gap:30
2026-02-23 10:10:41 | INFO | 💓 [생존신고] 10:10 | Slots:1/6 | PG:6 Theme:100 Gap:30
2026-02-23 10:11:49 | INFO | 💓 [생존신고] 10:11 | Slots:1/6 | PG:6 Theme:100 Gap:30
2026-02-23 10:12:56 | INFO | 💓 [생존신고] 10:12 | Slots:1/6 | PG:6 Theme:100 Gap:28
2026-02-23 10:14:15 | INFO | 💓 [생존신고] 10:14 | Slots:1/6 | PG:6 Theme:100 Gap:30
2026-02-23 10:15:25 | INFO | 💓 [생존신고] 10:15 | Slots:1/6 | PG:6 Theme:100 Gap:29
2026-02-23 10:16:36 | INFO | 💓 [생존신고] 10:16 | Slots:1/6 | PG:6 Theme:100 Gap:29
2026-02-23 10:17:40 | INFO | 💓 [생존신고] 10:17 | Slots:1/6 | PG:5 Theme:100 Gap:30
2026-02-23 10:18:43 | INFO | 💓 [생존신고] 10:18 | Slots:1/6 | PG:5 Theme:100 Gap:30
2026-02-23 10:19:47 | INFO | 💓 [생존신고] 10:19 | Slots:1/6 | PG:5 Theme:100 Gap:30
2026-02-23 10:20:53 | INFO | 💓 [생존신고] 10:20 | Slots:1/6 | PG:5 Theme:100 Gap:33
2026-02-23 10:22:03 | INFO | 💓 [생존신고] 10:22 | Slots:1/6 | PG:5 Theme:100 Gap:33
2026-02-23 10:23:15 | INFO | 💓 [생존신고] 10:23 | Slots:1/6 | PG:5 Theme:100 Gap:30
2026-02-23 10:24:25 | INFO | 💓 [생존신고] 10:24 | Slots:1/6 | PG:5 Theme:100 Gap:31
2026-02-23 10:25:38 | INFO | 💓 [생존신고] 10:25 | Slots:1/6 | PG:5 Theme:100 Gap:32
2026-02-23 10:26:48 | INFO | 💓 [생존신고] 10:26 | Slots:1/6 | PG:5 Theme:100 Gap:33
2026-02-23 10:28:05 | INFO | 💓 [생존신고] 10:28 | Slots:1/6 | PG:5 Theme:100 Gap:33
2026-02-23 10:29:09 | INFO | 💓 [생존신고] 10:29 | Slots:1/6 | PG:5 Theme:100 Gap:33
2026-02-23 10:30:17 | INFO | 💓 [생존신고] 10:30 | Slots:1/6 | PG:5 Theme:100 Gap:32
2026-02-23 10:31:33 | INFO | 💓 [생존신고] 10:31 | Slots:1/6 | PG:5 Theme:100 Gap:31
2026-02-23 10:32:47 | INFO | 💓 [생존신고] 10:32 | Slots:1/6 | PG:5 Theme:100 Gap:29
2026-02-23 10:33:56 | INFO | 💓 [생존신고] 10:33 | Slots:1/6 | PG:5 Theme:100 Gap:30
2026-02-23 10:35:12 | INFO | 💓 [생존신고] 10:35 | Slots:1/6 | PG:6 Theme:100 Gap:31
2026-02-23 10:36:25 | INFO | 💓 [생존신고] 10:36 | Slots:1/6 | PG:6 Theme:100 Gap:30
2026-02-23 10:37:40 | INFO | 💓 [생존신고] 10:37 | Slots:1/6 | PG:7 Theme:100 Gap:30
2026-02-23 10:38:56 | INFO | 💓 [생존신고] 10:38 | Slots:1/6 | PG:7 Theme:100 Gap:30
2026-02-23 10:40:16 | INFO | 💓 [생존신고] 10:40 | Slots:1/6 | PG:6 Theme:100 Gap:31
2026-02-23 10:41:29 | INFO | 💓 [생존신고] 10:41 | Slots:1/6 | PG:6 Theme:100 Gap:32
2026-02-23 10:42:30 | INFO | 💓 [생존신고] 10:42 | Slots:1/6 | PG:6 Theme:100 Gap:32
2026-02-23 10:43:45 | INFO | 💓 [생존신고] 10:43 | Slots:1/6 | PG:7 Theme:100 Gap:35
2026-02-23 10:44:56 | INFO | 💓 [생존신고] 10:44 | Slots:1/6 | PG:7 Theme:100 Gap:34
2026-02-23 10:46:08 | INFO | 💓 [생존신고] 10:46 | Slots:1/6 | PG:6 Theme:100 Gap:33
2026-02-23 10:47:19 | INFO | 💓 [생존신고] 10:47 | Slots:1/6 | PG:7 Theme:100 Gap:34
2026-02-23 10:48:24 | INFO | 💓 [생존신고] 10:48 | Slots:1/6 | PG:7 Theme:100 Gap:33
2026-02-23 10:49:38 | INFO | 💓 [생존신고] 10:49 | Slots:1/6 | PG:7 Theme:100 Gap:35
2026-02-23 10:50:48 | INFO | 💓 [생존신고] 10:50 | Slots:1/6 | PG:6 Theme:100 Gap:37
2026-02-23 10:51:51 | INFO | 💓 [생존신고] 10:51 | Slots:1/6 | PG:6 Theme:100 Gap:36
2026-02-23 10:53:02 | INFO | 💓 [생존신고] 10:53 | Slots:1/6 | PG:7 Theme:100 Gap:34
2026-02-23 10:54:12 | INFO | 💓 [생존신고] 10:54 | Slots:1/6 | PG:5 Theme:100 Gap:33
2026-02-23 10:55:22 | INFO | 💓 [생존신고] 10:55 | Slots:1/6 | PG:5 Theme:100 Gap:32
2026-02-23 10:56:26 | INFO | 💓 [생존신고] 10:56 | Slots:1/6 | PG:6 Theme:100 Gap:32
